<?xml version="1.0" encoding="UTF-8"?>
<testng-results ignored="0" total="1" passed="1" failed="0" skipped="0">
  <reporter-output>
  </reporter-output>
  <suite started-at="2021-01-22T14:12:40Z" name="DesktopBrowsers" finished-at="2021-01-22T14:12:44Z" duration-ms="4419">
    <groups>
    </groups>
    <test started-at="2021-01-22T14:12:40Z" name="1" finished-at="2021-01-22T14:12:44Z" duration-ms="4419">
      <class name="magicleapTesting.magicLeap">
        <test-method is-config="true" signature="setUp()[pri:0, instance:magicleapTesting.magicLeap@365c30cc]" started-at="2021-01-22T14:12:40Z" name="setUp" finished-at="2021-01-22T14:12:44Z" duration-ms="4409" status="PASS">
          <reporter-output>
          </reporter-output>
        </test-method> <!-- setUp -->
        <test-method signature="DesktopScript()[pri:0, instance:magicleapTesting.magicLeap@365c30cc]" started-at="2021-01-22T14:12:44Z" name="DesktopScript" finished-at="2021-01-22T14:12:44Z" duration-ms="0" status="PASS">
          <reporter-output>
          </reporter-output>
        </test-method> <!-- DesktopScript -->
        <test-method is-config="true" signature="tearDown()[pri:0, instance:magicleapTesting.magicLeap@365c30cc]" started-at="2021-01-22T14:12:44Z" name="tearDown" finished-at="2021-01-22T14:12:44Z" duration-ms="0" status="PASS">
          <reporter-output>
          </reporter-output>
        </test-method> <!-- tearDown -->
      </class> <!-- magicleapTesting.magicLeap -->
    </test> <!-- 1 -->
  </suite> <!-- DesktopBrowsers -->
</testng-results>
